c:\users\mason\documents\github\alp\flightstatelogic\flightstatelogic\debug\flightstatelogic.pch
c:\users\mason\documents\github\alp\flightstatelogic\flightstatelogic\debug\vc141.pdb
c:\users\mason\documents\github\alp\flightstatelogic\flightstatelogic\debug\vc141.idb
c:\users\mason\documents\github\alp\flightstatelogic\flightstatelogic\debug\stdafx.obj
c:\users\mason\documents\github\alp\flightstatelogic\flightstatelogic\debug\altitude.obj
c:\users\mason\documents\github\alp\flightstatelogic\flightstatelogic\debug\temperature.obj
c:\users\mason\documents\github\alp\flightstatelogic\flightstatelogic\debug\vectornav.obj
c:\users\mason\documents\github\alp\flightstatelogic\flightstatelogic\debug\main.obj
c:\users\mason\documents\github\alp\flightstatelogic\flightstatelogic\debug\pressure.obj
c:\users\mason\documents\github\alp\flightstatelogic\debug\flightstatelogic.pdb
c:\users\mason\documents\github\alp\flightstatelogic\flightstatelogic\debug\flightstatelogic.tlog\cl.command.1.tlog
c:\users\mason\documents\github\alp\flightstatelogic\flightstatelogic\debug\flightstatelogic.tlog\cl.read.1.tlog
c:\users\mason\documents\github\alp\flightstatelogic\flightstatelogic\debug\flightstatelogic.tlog\cl.write.1.tlog
c:\users\mason\documents\github\alp\flightstatelogic\flightstatelogic\debug\flightstatelogic.tlog\link-cvtres.read.1.tlog
c:\users\mason\documents\github\alp\flightstatelogic\flightstatelogic\debug\flightstatelogic.tlog\link-cvtres.write.1.tlog
c:\users\mason\documents\github\alp\flightstatelogic\flightstatelogic\debug\flightstatelogic.tlog\link-rc.read.1.tlog
c:\users\mason\documents\github\alp\flightstatelogic\flightstatelogic\debug\flightstatelogic.tlog\link-rc.write.1.tlog
c:\users\mason\documents\github\alp\flightstatelogic\flightstatelogic\debug\flightstatelogic.tlog\link.command.1.tlog
c:\users\mason\documents\github\alp\flightstatelogic\flightstatelogic\debug\flightstatelogic.tlog\link.read.1.tlog
c:\users\mason\documents\github\alp\flightstatelogic\flightstatelogic\debug\flightstatelogic.tlog\link.write.1.tlog
